$ cd 'apps/openwork' && pnpm run build
$ node scripts/build.mjs
$ node ./scripts/electron-build.mjs
OpenCode sidecar already present (1.15.12).
(node:199819) [DEP0190] DeprecationWarning: Passing args to a child process with shell option true can lead to security vulnerabilities, as the arguments are not escaped, only concatenated.
(Use `node --trace-deprecation ...` to show where the warning was created)
{
  "ok": true,
  "skipped": true,
  "reason": "computer-use-helper-is-macos-only"
}
$ tsc -p tsconfig.json && bun build src/opencode-plugins/openwork-extensions-preview.ts src/opencode-plugins/openwork-capabilities-knowledge.ts --outdir dist/opencode-plugins --target node --format esm
Bundled 78 modules in 174ms

  openwork-extensions-preview.js      0.48 MB  (entry point)
  openwork-capabilities-knowledge.js  7.0 KB   (entry point)

$ pnpm --dir ../../packages/ui build

> @openwork/ui@ build /home/zeazdev/zeaz-platform/apps/openwork/packages/ui
> tsup --config tsup.config.react.ts && tsup --config tsup.config.solid.ts

CLI Building entry: {"react/index":"src/react/index.ts"}
CLI Using tsconfig: tsconfig.react.json
CLI tsup v8.5.1
CLI Using tsup config: /home/zeazdev/zeaz-platform/apps/openwork/packages/ui/tsup.config.react.ts
CLI Target: es2022
CLI Cleaning output folder
ESM Build start
ESM dist/react/index.js 14.41 KB
ESM ⚡️ Build success in 1407ms
DTS Build start
DTS ⚡️ Build success in 8228ms
DTS dist/react/index.d.ts 2.84 KB
CLI Building entry: {"solid/index":"src/solid/index.ts"}
CLI Using tsconfig: tsconfig.solid.json
CLI tsup v8.5.1
CLI Using tsup config: /home/zeazdev/zeaz-platform/apps/openwork/packages/ui/tsup.config.solid.ts
CLI Target: es2022
ESM Build start
ESM dist/solid/index.js 17.76 KB
ESM ⚡️ Build success in 1000ms
DTS Build start
DTS ⚡️ Build success in 11294ms
DTS dist/solid/index.d.ts 3.65 KB
$ vite build
vite v8.0.16 building client environment for production...
[2Ktransforming...✓ 4009 modules transformed.
rendering chunks...
computing gzip size...
dist/overlay.html                                                      1.28 kB │ gzip:     0.57 kB
dist/index.html                                                        1.68 kB │ gzip:     0.68 kB
dist/assets/ibm-plex-sans-vietnamese-wght-normal-Dg1JeJN0.woff2       13.16 kB
dist/assets/geist-cyrillic-wght-normal-CHSlOQsW.woff2                 14.69 kB
dist/assets/geist-latin-ext-wght-normal-DMtmJ5ZE.woff2                15.30 kB
dist/assets/ibm-plex-sans-greek-wght-normal-CmyJS8uq.woff2            19.50 kB
dist/assets/ibm-plex-sans-cyrillic-ext-wght-normal-d45eAU9y.woff2     23.56 kB
dist/assets/geist-latin-wght-normal-Dm3htQBi.woff2                    28.40 kB
dist/assets/ibm-plex-sans-cyrillic-wght-normal-BAAhND-U.woff2         29.51 kB
dist/assets/ibm-plex-sans-latin-ext-wght-normal-CIII54If.woff2        30.96 kB
dist/assets/ibm-plex-sans-latin-wght-normal-IvpUvPa2.woff2            45.71 kB
dist/assets/app-BmfB5bmM.css                                           3.52 kB │ gzip:     0.96 kB
dist/assets/app-DBuFlAwp.css                                         333.73 kB │ gzip:    60.57 kB
dist/assets/c-DWGmR78Y.js                                              0.05 kB │ gzip:     0.07 kB
dist/assets/r-C-mqvRIx.js                                              0.05 kB │ gzip:     0.07 kB
dist/assets/go-BrE3Phef.js                                             0.05 kB │ gzip:     0.07 kB
dist/assets/cpp-BqCxx5K1.js                                            0.05 kB │ gzip:     0.07 kB
dist/assets/css-CdtkT07m.js                                            0.05 kB │ gzip:     0.07 kB
dist/assets/csv-D6mwZ2PH.js                                            0.05 kB │ gzip:     0.07 kB
dist/assets/jsx-hEbJ82HF.js                                            0.05 kB │ gzip:     0.07 kB
dist/assets/lua-BJObVtAx.js                                            0.05 kB │ gzip:     0.07 kB
dist/assets/php-CEgHj8qx.js                                            0.05 kB │ gzip:     0.07 kB
dist/assets/sql-BHvM5T9A.js                                            0.05 kB │ gzip:     0.07 kB
dist/assets/tex-BhUTfFUY.js                                            0.05 kB │ gzip:     0.07 kB
dist/assets/tsx-5f3ulCja.js                                            0.05 kB │ gzip:     0.07 kB
dist/assets/xml-CoDIzWF0.js                                            0.05 kB │ gzip:     0.07 kB
dist/assets/diff-B0S3HUPm.js                                           0.06 kB │ gzip:     0.07 kB
dist/assets/glsl-ThNHWs2E.js                                           0.06 kB │ gzip:     0.07 kB
dist/assets/haml-CatIJt-i.js                                           0.06 kB │ gzip:     0.07 kB
dist/assets/haxe-COWeUEnW.js                                           0.06 kB │ gzip:     0.07 kB
dist/assets/hlsl-C3sg_olF.js                                           0.06 kB │ gzip:     0.07 kB
dist/assets/html-DYtkB_T1.js                                           0.06 kB │ gzip:     0.07 kB
dist/assets/java-DxlWrXwe.js                                           0.06 kB │ gzip:     0.07 kB
dist/assets/json-CaljABEy.js                                           0.06 kB │ gzip:     0.07 kB
dist/assets/less-GWsDhusf.js                                           0.06 kB │ gzip:     0.07 kB
dist/assets/perl-DxKS_IcZ.js                                           0.06 kB │ gzip:     0.07 kB
dist/assets/ruby-C3mhNYj-.js                                           0.06 kB │ gzip:     0.07 kB
dist/assets/scss-suOOlmVJ.js                                           0.06 kB │ gzip:     0.07 kB
dist/assets/sdbl-DFPhMlBm.js                                           0.06 kB │ gzip:     0.07 kB
dist/assets/yaml-CxbubiML.js                                           0.06 kB │ gzip:     0.07 kB
dist/assets/cmake-BRht3inD.js                                          0.06 kB │ gzip:     0.07 kB
dist/assets/csharp-D3LXfyC4.js                                         0.06 kB │ gzip:     0.07 kB
dist/assets/python-ORI17Sev.js                                         0.06 kB │ gzip:     0.07 kB
dist/assets/regexp-B4pBNbU3.js                                         0.06 kB │ gzip:     0.07 kB
dist/assets/stylus-BOYZFyl7.js                                         0.06 kB │ gzip:     0.07 kB
dist/assets/turtle-B2uMLKuz.js                                         0.06 kB │ gzip:     0.07 kB
dist/assets/graphql-DAzSVzvB.js                                        0.06 kB │ gzip:     0.07 kB
dist/assets/postcss-e3XvZOFQ.js                                        0.06 kB │ gzip:     0.07 kB
dist/assets/gdscript-CbgekpG5.js                                       0.06 kB │ gzip:     0.07 kB
dist/assets/gdshader-BpaOOKdG.js                                       0.06 kB │ gzip:     0.07 kB
dist/assets/markdown-Cla8Gbs6.js                                       0.06 kB │ gzip:     0.07 kB
dist/assets/javascript-Yelw-5ZN.js                                     0.06 kB │ gzip:     0.08 kB
dist/assets/typescript-Utq2Cl8c.js                                     0.06 kB │ gzip:     0.08 kB
dist/assets/shellscript-BiGZg9Om.js                                    0.06 kB │ gzip:     0.08 kB
dist/assets/angular-html-DCmd5dhW.js                                   0.06 kB │ gzip:     0.08 kB
dist/assets/html-derivative-C3HbnyCu.js                                0.07 kB │ gzip:     0.08 kB
dist/assets/nextflow-groovy-B6nf8bEB.js                                0.07 kB │ gzip:     0.08 kB
dist/assets/fortran-free-form-9zh5t3u2.js                              0.07 kB │ gzip:     0.08 kB
dist/assets/codeowners-C8r90Shi.js                                     0.54 kB │ gzip:     0.31 kB
dist/assets/shellsession-DDrivR0a.js                                   0.71 kB │ gzip:     0.42 kB
dist/assets/tsv-sltzmVWM.js                                            0.73 kB │ gzip:     0.33 kB
dist/assets/html-derivative-Dhubv07u.js                                0.83 kB │ gzip:     0.45 kB
dist/assets/git-rebase-4cZrnyqc.js                                     0.98 kB │ gzip:     0.44 kB
dist/assets/qmldir-DCQb3MpD.js                                         0.99 kB │ gzip:     0.44 kB
dist/assets/csv-B_R7vXwK.js                                            1.13 kB │ gzip:     0.36 kB
dist/assets/git-commit-D2IoWZ43.js                                     1.23 kB │ gzip:     0.53 kB
dist/assets/xsl-BehRGS6_.js                                            1.36 kB │ gzip:     0.50 kB
dist/assets/dotenv-_5a1GRtc.js                                         1.41 kB │ gzip:     0.52 kB
dist/assets/sparql-Dy5Sx-zJ.js                                         1.48 kB │ gzip:     0.81 kB
dist/assets/ini-B5eOa1yu.js                                            1.51 kB │ gzip:     0.49 kB
dist/assets/fortran-fixed-form-1cK5gXa1.js                             1.66 kB │ gzip:     0.69 kB
dist/assets/docker-IyjqRm3v.js                                         1.73 kB │ gzip:     0.59 kB
dist/assets/hxml-C9UUAMq4.js                                           1.74 kB │ gzip:     0.87 kB
dist/assets/desktop-Dlh5hvp9.js                                        1.82 kB │ gzip:     0.75 kB
dist/assets/erb-CNBfBt7i.js                                            2.13 kB │ gzip:     0.62 kB
dist/assets/wenyan-C8pVoKbM.js                                         2.15 kB │ gzip:     1.08 kB
dist/assets/jssm-DXw9l8Rf.js                                           2.23 kB │ gzip:     0.61 kB
dist/assets/edge-D7PqnmbS.js                                           2.31 kB │ gzip:     0.67 kB
dist/assets/reg-CRGYupPL.js                                            2.33 kB │ gzip:     0.69 kB
dist/assets/diff-CR4ZX0DC.js                                           2.55 kB │ gzip:     0.68 kB
dist/assets/gleam-CSRkHgEL.js                                          2.57 kB │ gzip:     0.81 kB
dist/assets/hy-CZbG8q4J.js                                             2.64 kB │ gzip:     1.17 kB
dist/assets/json-B88Oqtu5.js                                           2.81 kB │ gzip:     0.76 kB
dist/assets/openscad-BUDT5pXO.js                                       2.81 kB │ gzip:     1.00 kB
dist/assets/log-BNLmms1o.js                                            2.84 kB │ gzip:     0.89 kB
dist/assets/cairo-D66nqRlU.js                                          2.93 kB │ gzip:     0.80 kB
dist/assets/berry-DKpUyyne.js                                          2.99 kB │ gzip:     0.80 kB
dist/assets/jsonl-CmCQp5Yx.js                                          3.00 kB │ gzip:     0.78 kB
dist/assets/jsonc-CYpm1nAK.js                                          3.10 kB │ gzip:     0.78 kB
dist/assets/logo-Cluzi2Zq.js                                           3.12 kB │ gzip:     1.46 kB
dist/assets/po-BiJDBrnU.js                                             3.23 kB │ gzip:     0.90 kB
dist/assets/json5-BR5RXkoi.js                                          3.24 kB │ gzip:     0.82 kB
dist/assets/mipsasm-BMqwQI7S.js                                        3.25 kB │ gzip:     1.17 kB
dist/assets/tasl-DMoTqEGO.js                                           3.28 kB │ gzip:     0.84 kB
dist/assets/genie-CV2tkWYe.js                                          3.34 kB │ gzip:     1.20 kB
dist/assets/rel-BtDbiS_P.js                                            3.36 kB │ gzip:     1.10 kB
dist/assets/vala-zf12oZj6.js                                           3.36 kB │ gzip:     1.18 kB
dist/assets/splunk-BC2Px7Mm.js                                         3.42 kB │ gzip:     1.51 kB
dist/assets/hurl-B4P9s9G3.js                                           3.51 kB │ gzip:     1.09 kB
dist/assets/fluent-C03EYrpw.js                                         3.60 kB │ gzip:     0.89 kB
dist/assets/ssh-config-BgfXC-Er.js                                     3.61 kB │ gzip:     1.59 kB
dist/assets/jsonnet-CJTPZ8u_.js                                        3.61 kB │ gzip:     1.03 kB
dist/assets/kdl-CsD5j6eV.js                                            3.62 kB │ gzip:     1.03 kB
dist/assets/glsl-CaPTrB3a.js                                           3.63 kB │ gzip:     1.41 kB
dist/assets/narrat-_X_XdTYD.js                                         3.66 kB │ gzip:     1.09 kB
dist/assets/turtle-CcN57yC0.js                                         3.68 kB │ gzip:     0.96 kB
dist/assets/zenscript-BnlCZFoB.js                                      3.90 kB │ gzip:     1.28 kB
dist/assets/ron-VUp2lXgN.js                                            3.90 kB │ gzip:     0.97 kB
dist/assets/gn-ilITqXS6.js                                             3.99 kB │ gzip:     1.47 kB
dist/assets/pascal-4ZHwLPI5.js                                         4.14 kB │ gzip:     1.67 kB
dist/assets/overlay-B5xSFT6f.js                                        4.20 kB │ gzip:     1.68 kB
dist/assets/artifact-spreadsheet-editor-DAOTnFas.js                    4.29 kB │ gzip:     1.91 kB
dist/assets/http-BjrBtiM6.js                                           4.41 kB │ gzip:     1.06 kB
dist/assets/tcl-CZd0xW_V.js                                            4.42 kB │ gzip:     1.50 kB
dist/assets/nextflow-rSIivlom.js                                       4.51 kB │ gzip:     1.16 kB
dist/assets/rosmsg-CAekHB0j.js                                         4.51 kB │ gzip:     1.05 kB
dist/assets/polar-C7UOKdEL.js                                          4.66 kB │ gzip:     1.12 kB
dist/assets/sdbl-CpzYUp7e.js                                           4.68 kB │ gzip:     2.00 kB
dist/assets/fennel-DQxkIbk2.js                                         4.76 kB │ gzip:     1.53 kB
dist/assets/bibtex-Ci_nEsc7.js                                         4.78 kB │ gzip:     0.83 kB
dist/assets/llvm-Cm23YOpf.js                                           5.04 kB │ gzip:     2.01 kB
dist/assets/wgsl-BsKzXJz4.js                                           5.13 kB │ gzip:     1.38 kB
dist/assets/gdresource-C-87SodR.js                                     5.28 kB │ gzip:     1.33 kB
dist/assets/zig-CMLA9XwU.js                                            5.33 kB │ gzip:     1.55 kB
dist/assets/qml-BxleM7bJ.js                                            5.33 kB │ gzip:     1.38 kB
dist/assets/dax-BkyTk9wS.js                                            5.35 kB │ gzip:     2.21 kB
dist/assets/bicep-CUHmPFLl.js                                          5.37 kB │ gzip:     1.14 kB
dist/assets/xml-WY0zc4PG.js                                            5.38 kB │ gzip:     1.20 kB
dist/assets/awk-BWXHIvNe.js                                            5.45 kB │ gzip:     1.37 kB
dist/assets/coq-BrsZFFmf.js                                            5.54 kB │ gzip:     1.91 kB
dist/assets/jinja-CRuWSMeX.js                                          5.62 kB │ gzip:     1.36 kB
dist/assets/lean-CewbzKMR.js                                           5.77 kB │ gzip:     1.91 kB
dist/assets/moonbit-CaWjb8XO.js                                        5.89 kB │ gzip:     1.67 kB
dist/assets/powerquery-DNMTfnFr.js                                     5.89 kB │ gzip:     1.51 kB
dist/assets/shaderlab-DY7g_Ava.js                                      5.92 kB │ gzip:     2.08 kB
dist/assets/verilog-CiiDBU1e.js                                        5.92 kB │ gzip:     1.89 kB
dist/assets/cypher-ClKdZ_lG.js                                         5.94 kB │ gzip:     1.71 kB
dist/assets/vb-Djn5o6TS.js                                             6.08 kB │ gzip:     2.33 kB
dist/assets/red-CJ3rzSJv.js                                            6.25 kB │ gzip:     1.59 kB
dist/assets/min-dark-BSWPekZh.js                                       6.28 kB │ gzip:     1.70 kB
dist/assets/gdshader-kiBtQlv1.js                                       6.31 kB │ gzip:     1.72 kB
dist/assets/prisma-BsRQq5mF.js                                         6.32 kB │ gzip:     1.38 kB
dist/assets/ara-4CJ0cIlV.js                                            6.35 kB │ gzip:     1.80 kB
dist/assets/postcss-D_Wz94rJ.js                                        6.40 kB │ gzip:     1.90 kB
dist/assets/clojure-DqKBuwfJ.js                                        6.40 kB │ gzip:     1.41 kB
dist/assets/toml-CcmNWLt0.js                                           6.41 kB │ gzip:     1.28 kB
dist/assets/solarized-light-DSh2HLQt.js                                6.47 kB │ gzip:     1.71 kB
dist/assets/r-xhMMgMz3.js                                              6.52 kB │ gzip:     1.77 kB
dist/assets/proto-DB4EqR-F.js                                          6.54 kB │ gzip:     1.41 kB
dist/assets/smalltalk-B16xEiuN.js                                      6.58 kB │ gzip:     1.61 kB
dist/assets/talonscript-CohzipZa.js                                    6.75 kB │ gzip:     1.48 kB
dist/assets/solarized-dark-DV17i1UV.js                                 6.84 kB │ gzip:     1.78 kB
dist/assets/riscv-Ckw8ddFX.js                                          6.90 kB │ gzip:     1.97 kB
dist/assets/soy-A62BAwxz.js                                            6.92 kB │ gzip:     1.62 kB
dist/assets/min-light-DDpmG2fV.js                                      6.96 kB │ gzip:     1.88 kB
dist/assets/scheme-DQCgrYNe.js                                         7.16 kB │ gzip:     2.04 kB
dist/assets/hlsl-ajL2FB-w.js                                           7.25 kB │ gzip:     2.18 kB
dist/assets/qss-Fe1Jh2GI.js                                            7.46 kB │ gzip:     2.57 kB
dist/assets/systemd-BxMlprV5.js                                        7.86 kB │ gzip:     2.54 kB
dist/assets/monokai-CdkpiU2Y.js                                        7.88 kB │ gzip:     1.90 kB
dist/assets/regexp-BWpGejPw.js                                         7.97 kB │ gzip:     1.41 kB
dist/assets/haml-CAMQ1nWo.js                                           8.25 kB │ gzip:     1.81 kB
dist/assets/typst-DI99ib-x.js                                          8.38 kB │ gzip:     1.66 kB
dist/assets/vue-html-CGMs_6qn.js                                       8.47 kB │ gzip:     1.68 kB
dist/assets/plsql-DGHpHOYJ.js                                          8.50 kB │ gzip:     2.99 kB
dist/assets/dart-CnvKMtbv.js                                           8.61 kB │ gzip:     1.99 kB
dist/assets/horizon-CE9ld1lL.js                                        8.77 kB │ gzip:     1.94 kB
dist/assets/kotlin-DhhofPvG.js                                         8.77 kB │ gzip:     2.12 kB
dist/assets/horizon-bright-DSNQnXHK.js                                 8.78 kB │ gzip:     1.96 kB
dist/assets/make-Dixweg8N.js                                           8.95 kB │ gzip:     1.76 kB
dist/assets/andromeeda-vGVdxbeo.js                                     9.01 kB │ gzip:     2.35 kB
dist/assets/sas-5Ze9E6m7.js                                            9.06 kB │ gzip:     3.82 kB
dist/assets/dark-plus-Cs2F2srj.js                                      9.09 kB │ gzip:     2.10 kB
dist/assets/slack-dark-DnToyrRv.js                                     9.11 kB │ gzip:     1.96 kB
dist/assets/sass-DXrisJhu.js                                           9.28 kB │ gzip:     2.48 kB
dist/assets/plastic-DQwYfKfQ.js                                        9.29 kB │ gzip:     1.96 kB
dist/assets/slack-ochin-B2OO5cIa.js                                    9.42 kB │ gzip:     2.08 kB
dist/assets/tex-CWHOmQVq.js                                            9.66 kB │ gzip:     3.06 kB
dist/assets/jison-D3aJooqo.js                                          9.69 kB │ gzip:     1.87 kB
dist/assets/cmake-T_kMSWuN.js                                          9.84 kB │ gzip:     3.37 kB
dist/assets/light-plus-DVQuIRkW.js                                     9.93 kB │ gzip:     2.27 kB
dist/assets/hcl-Dh228itO.js                                           10.04 kB │ gzip:     1.93 kB
dist/assets/rst-BQh-cdCo.js                                           10.32 kB │ gzip:     2.24 kB
dist/assets/pkl-ot-7Btpt.js                                           10.36 kB │ gzip:     1.37 kB
dist/assets/beancount-D-usSTwE.js                                     10.36 kB │ gzip:     1.43 kB
dist/assets/nextflow-groovy-C6U6GzKG.js                               10.42 kB │ gzip:     2.13 kB
dist/assets/dream-maker-DW3nJb8Q.js                                   10.46 kB │ gzip:     2.25 kB
dist/assets/raku-B3gFvitq.js                                          10.46 kB │ gzip:     2.94 kB
dist/assets/yaml-DijMHRDA.js                                          10.49 kB │ gzip:     2.26 kB
dist/assets/just-BwUEPiBc.js                                          10.78 kB │ gzip:     2.60 kB
dist/assets/elm-CC1TmzeR.js                                           10.94 kB │ gzip:     2.09 kB
dist/assets/github-light-EUqPIrTm.js                                  11.18 kB │ gzip:     2.49 kB
dist/assets/prolog-iXnhIJG7.js                                        11.34 kB │ gzip:     3.84 kB
dist/assets/terraform-DswuEJGm.js                                     11.38 kB │ gzip:     2.51 kB
dist/assets/github-dark-C-LZuMrd.js                                   11.40 kB │ gzip:     2.53 kB
dist/assets/puppet-CDv2pdJW.js                                        11.43 kB │ gzip:     2.10 kB
dist/assets/laserwave-C_8bwKvT.js                                     11.49 kB │ gzip:     2.57 kB
dist/assets/gherkin-DExj1W_8.js                                       11.93 kB │ gzip:     5.04 kB
dist/assets/wasm-ByWQv1Qj.js                                          12.00 kB │ gzip:     2.17 kB
dist/assets/hjson-CxZEssPk.js                                         12.04 kB │ gzip:     1.64 kB
dist/assets/handlebars-BL8WUPCt.js                                    12.16 kB │ gzip:     2.38 kB
dist/assets/apache-U0d_L8uA.js                                        12.44 kB │ gzip:     3.71 kB
dist/assets/vesper-D5bVUKB1.js                                        12.68 kB │ gzip:     1.98 kB
dist/assets/bat-Bo4NYOV-.js                                           12.88 kB │ gzip:     3.22 kB
dist/assets/fish-BJitypiv.js                                          13.03 kB │ gzip:     1.73 kB
dist/assets/v-DETTlOr0.js                                             13.20 kB │ gzip:     2.73 kB
dist/assets/vitesse-light-VbXTXTou.js                                 13.61 kB │ gzip:     3.03 kB
dist/assets/aurora-x-CDeNXAV0.js                                      13.65 kB │ gzip:     2.28 kB
dist/assets/vitesse-black-fwtXNY1n.js                                 13.67 kB │ gzip:     3.05 kB
dist/assets/vitesse-dark-BZCL-v6S.js                                  13.75 kB │ gzip:     3.06 kB
dist/assets/pug-Bxq73vlU.js                                           13.84 kB │ gzip:     2.58 kB
dist/assets/luau-CNKltnaQ.js                                          13.95 kB │ gzip:     3.16 kB
dist/assets/synthwave-84-nFMaYfgc.js                                  14.03 kB │ gzip:     2.85 kB
dist/assets/github-light-default-BXViO-2h.js                          14.15 kB │ gzip:     3.02 kB
dist/assets/clarity-SemFz856.js                                       14.26 kB │ gzip:     2.46 kB
dist/assets/github-light-high-contrast-B68TUdTA.js                    14.27 kB │ gzip:     3.00 kB
dist/assets/github-dark-dimmed-Bx1FflLF.js                            14.43 kB │ gzip:     3.11 kB
dist/assets/github-dark-default-DXG-b-1a.js                           14.43 kB │ gzip:     3.12 kB
dist/assets/github-dark-high-contrast-B_tTalzw.js                     14.59 kB │ gzip:     3.07 kB
dist/assets/gnuplot-7GGW24-e.js                                       14.77 kB │ gzip:     3.27 kB
dist/assets/rust-Cfkwpbl8.js                                          15.06 kB │ gzip:     2.71 kB
dist/assets/kusto-C7mF5XQf.js                                         15.16 kB │ gzip:     3.92 kB
dist/assets/actionscript-3--17pq3dv.js                                15.19 kB │ gzip:     2.67 kB
dist/assets/nix-IvuFDN5E.js                                           15.50 kB │ gzip:     2.47 kB
dist/assets/lua-DjuecEsk.js                                           15.53 kB │ gzip:     3.15 kB
dist/assets/abap-CLvhMVsD.js                                          15.84 kB │ gzip:     5.93 kB
dist/assets/solidity-CKzVLygQ.js                                      16.06 kB │ gzip:     3.09 kB
dist/assets/matlab-D7qyCx1q.js                                        16.07 kB │ gzip:     3.06 kB
dist/assets/cue-CE9AQfxI.js                                           16.19 kB │ gzip:     2.04 kB
dist/assets/elixir-IXeIM30B.js                                        16.26 kB │ gzip:     2.76 kB
dist/assets/odin-B1RWQWA5.js                                          16.50 kB │ gzip:     2.92 kB
dist/assets/ts-tags-B7wmXQxB.js                                       16.54 kB │ gzip:     2.06 kB
dist/assets/kanagawa-wave-CTweb8Dz.js                                 17.12 kB │ gzip:     2.90 kB
dist/assets/kanagawa-lotus-BN08jTvb.js                                17.12 kB │ gzip:     2.90 kB
dist/assets/kanagawa-dragon-CXtmUGW6.js                               17.12 kB │ gzip:     2.92 kB
dist/assets/move-B1IS1UjX.js                                          17.49 kB │ gzip:     3.06 kB
dist/assets/graphql-DEIChqxY.js                                       18.00 kB │ gzip:     2.49 kB
dist/assets/liquid-DdvxCDBI.js                                        18.10 kB │ gzip:     3.14 kB
dist/assets/svelte-DcpG3o7o.js                                        18.25 kB │ gzip:     3.14 kB
dist/assets/material-theme-Bm3Qr25_.js                                18.61 kB │ gzip:     3.10 kB
dist/assets/material-theme-darker-2IIEA8gg.js                         18.62 kB │ gzip:     3.10 kB
dist/assets/material-theme-ocean-CHQ94UKr.js                          18.62 kB │ gzip:     3.12 kB
dist/assets/material-theme-lighter-uhdI0v04.js                        18.63 kB │ gzip:     3.10 kB
dist/assets/material-theme-palenight-B5W6OYN7.js                      18.63 kB │ gzip:     3.11 kB
dist/assets/gdscript-HuAKigly.js                                      18.97 kB │ gzip:     3.74 kB
dist/assets/groovy-CacY0gHj.js                                        19.17 kB │ gzip:     3.59 kB
dist/assets/mdc-C4ueKEV7.js                                           19.55 kB │ gzip:     6.66 kB
dist/assets/ayu-dark-DluEY0Gj.js                                      20.07 kB │ gzip:     3.93 kB
dist/assets/ayu-mirage-Bqwy1Gya.js                                    20.08 kB │ gzip:     3.91 kB
dist/assets/glimmer-js-DHbJ63Uk.js                                    20.08 kB │ gzip:     2.94 kB
dist/assets/glimmer-ts-78YraEOQ.js                                    20.08 kB │ gzip:     2.93 kB
dist/assets/powershell-DshXNtvi.js                                    20.14 kB │ gzip:     4.05 kB
dist/assets/ayu-light-C3h-C4tm.js                                     20.14 kB │ gzip:     3.89 kB
dist/assets/viml-DvXPmvsu.js                                          20.35 kB │ gzip:     6.73 kB
dist/assets/nushell-DcLAeLz5.js                                       20.40 kB │ gzip:     5.21 kB
dist/assets/snazzy-light-4G7pJPwS.js                                  20.77 kB │ gzip:     3.80 kB
dist/assets/twig-DVIP4VqO.js                                          20.91 kB │ gzip:     3.66 kB
dist/assets/dracula-BHWKrbxM.js                                       21.06 kB │ gzip:     3.99 kB
dist/assets/dracula-soft-5eyTD99u.js                                  21.07 kB │ gzip:     4.02 kB
dist/assets/wit-DdvCle-K.js                                           21.46 kB │ gzip:     2.87 kB
dist/assets/rose-pine-BthvhNj6.js                                     21.74 kB │ gzip:     3.86 kB
dist/assets/rose-pine-moon-hon4tzzS.js                                21.75 kB │ gzip:     3.87 kB
dist/assets/rose-pine-dawn-Dg85fqjY.js                                21.75 kB │ gzip:     3.88 kB
dist/assets/nim-ClwZBFyM.js                                           22.46 kB │ gzip:     3.15 kB
dist/assets/common-lisp-Cv5bFMCO.js                                   22.57 kB │ gzip:     6.07 kB
dist/assets/surrealql-DsHDbpAY.js                                     22.58 kB │ gzip:     4.31 kB
dist/assets/gruvbox-dark-hard-C820rvS2.js                             22.63 kB │ gzip:     4.15 kB
dist/assets/gruvbox-dark-soft-MrdJrrXF.js                             22.63 kB │ gzip:     4.15 kB
dist/assets/gruvbox-light-hard-BC_s9l72.js                            22.63 kB │ gzip:     4.16 kB
dist/assets/gruvbox-light-soft-BSMLrYjP.js                            22.63 kB │ gzip:     4.16 kB
dist/assets/gruvbox-dark-medium-BPjhmG05.js                           22.63 kB │ gzip:     4.15 kB
dist/assets/gruvbox-light-medium-BAWPOn9u.js                          22.63 kB │ gzip:     4.16 kB
dist/assets/bird2-C6vDhewU.js                                         22.93 kB │ gzip:     4.65 kB
dist/assets/sql-CMBQCf7k.js                                           23.39 kB │ gzip:     7.43 kB
dist/assets/cadence-CQ2zXKGN.js                                       23.66 kB │ gzip:     3.65 kB
dist/assets/apl-BmC_IO_Q.js                                           24.02 kB │ gzip:     4.16 kB
dist/assets/astro-SDMRz_OH.js                                         24.03 kB │ gzip:     7.60 kB
dist/assets/templ-CvnTbAXa.js                                         24.07 kB │ gzip:     5.41 kB
dist/assets/angular-html-DolB2A6S.js                                  24.17 kB │ gzip:     3.94 kB
dist/assets/vhdl-BroJfC0k.js                                          24.25 kB │ gzip:     3.86 kB
dist/assets/vue-BWR4xPUF.js                                           24.49 kB │ gzip:     2.96 kB
dist/assets/purescript-9MfHhQsQ.js                                    24.67 kB │ gzip:     3.24 kB
dist/assets/typespec-BRdr0IET.js                                      25.03 kB │ gzip:     2.62 kB
dist/assets/one-light-D7Lr4KcI.js                                     25.29 kB │ gzip:     3.63 kB
dist/assets/fsharp-PZeu-6rm.js                                        25.30 kB │ gzip:     4.13 kB
dist/assets/marko-DJ3i0CIR.js                                         25.49 kB │ gzip:     3.59 kB
dist/assets/c3-CnJL0r0V.js                                            25.62 kB │ gzip:     3.85 kB
dist/assets/night-owl-light-eJ-hLW7d.js                               25.89 kB │ gzip:     4.23 kB
dist/assets/system-verilog-DJ5XKQeo.js                                26.19 kB │ gzip:     4.82 kB
dist/assets/nord-Cb4Vim4T.js                                          26.72 kB │ gzip:     4.35 kB
dist/assets/codeql-oeQT6MSM.js                                        26.87 kB │ gzip:     3.79 kB
dist/assets/scss-CPpsOPrU.js                                          27.20 kB │ gzip:     4.18 kB
dist/assets/java-BtIQNnN0.js                                          27.20 kB │ gzip:     4.25 kB
dist/assets/coffee-C19NseY8.js                                        27.42 kB │ gzip:     6.35 kB
dist/assets/razor-D7b63LMz.js                                         27.45 kB │ gzip:     3.54 kB
dist/assets/scala-DKOlJaKm.js                                         28.87 kB │ gzip:     3.92 kB
dist/assets/night-owl-DhmEMT88.js                                     28.91 kB │ gzip:     5.14 kB
dist/assets/crystal-CGMY1uvt.js                                       29.41 kB │ gzip:     4.44 kB
dist/assets/mermaid-Bk4SNUv9.js                                       29.50 kB │ gzip:     3.64 kB
dist/assets/applescript-CCn79oCD.js                                   29.56 kB │ gzip:     5.94 kB
dist/assets/julia-f_XNiKMR.js                                         31.00 kB │ gzip:     4.30 kB
dist/assets/stylus-LiTfbrWi.js                                        31.06 kB │ gzip:     8.01 kB
dist/assets/poimandres-DRFjx7u4.js                                    33.49 kB │ gzip:     5.49 kB
dist/assets/one-dark-pro-CLwyXe_n.js                                  33.78 kB │ gzip:     5.50 kB
dist/assets/bsl-D5oUCVdh.js                                           33.86 kB │ gzip:     8.35 kB
dist/assets/haxe-HtXScVNh.js                                          35.15 kB │ gzip:     5.90 kB
dist/assets/nginx-BxRBJ-Af.js                                         35.35 kB │ gzip:     4.45 kB
dist/assets/utils-CTRN96aC.js                                         35.39 kB │ gzip:    11.84 kB
dist/assets/houston-CsvMBhTu.js                                       35.41 kB │ gzip:     5.76 kB
dist/assets/tokyo-night-oM2G3aXe.js                                   35.66 kB │ gzip:     6.22 kB
dist/assets/erlang-D0CaQ5Pl.js                                        37.48 kB │ gzip:     4.36 kB
dist/assets/cobol-CtA7PaQL.js                                         39.07 kB │ gzip:    10.89 kB
dist/assets/asm-Cmm7eHzH.js                                           40.71 kB │ gzip:     8.16 kB
dist/assets/shellscript-CqHdAlCp.js                                   41.46 kB │ gzip:     6.07 kB
dist/assets/haskell-D8IpX4py.js                                       41.48 kB │ gzip:     6.41 kB
dist/assets/perl-CrWnrzwP.js                                          43.14 kB │ gzip:     4.64 kB
dist/assets/button-QQ0eAJXH.js                                        43.38 kB │ gzip:    14.33 kB
dist/assets/d-qD-0Kul2.js                                             43.78 kB │ gzip:     8.43 kB
dist/assets/ruby-WT0X4ziz.js                                          46.59 kB │ gzip:     5.71 kB
dist/assets/go-CFMhVTkq.js                                            46.80 kB │ gzip:     5.14 kB
dist/assets/apex-CGTLDQj6.js                                          46.97 kB │ gzip:     6.72 kB
dist/assets/catppuccin-mocha-DYhrFGRu.js                              47.25 kB │ gzip:     7.98 kB
dist/assets/catppuccin-latte-DwIHMF0Q.js                              47.25 kB │ gzip:     7.98 kB
dist/assets/catppuccin-frappe-3VR1Za6u.js                             47.25 kB │ gzip:     7.99 kB
dist/assets/catppuccin-macchiato-DYnBP6_5.js                          47.26 kB │ gzip:     7.99 kB
dist/assets/ada-C5qYipkI.js                                           48.07 kB │ gzip:     5.96 kB
dist/assets/css-LbU1hoFO.js                                           49.02 kB │ gzip:    11.90 kB
dist/assets/imba-DsUTQ-LC.js                                          49.92 kB │ gzip:     9.47 kB
dist/assets/everforest-dark-sB-x3p7T.js                               53.74 kB │ gzip:     8.37 kB
dist/assets/everforest-light-Df2xbC6M.js                              53.74 kB │ gzip:     8.36 kB
dist/assets/wikitext-ClFFjSW2.js                                      55.87 kB │ gzip:     4.81 kB
dist/assets/stata-DmV9NEuE.js                                         56.99 kB │ gzip:    12.39 kB
dist/assets/html-B2cKP6UN.js                                          57.24 kB │ gzip:    11.74 kB
dist/assets/ballerina-B7ZEbQpA.js                                     58.68 kB │ gzip:     8.10 kB
dist/assets/markdown-CboqBxpY.js                                      59.32 kB │ gzip:     5.66 kB
dist/assets/ocaml-O90oeIOV.js                                         62.44 kB │ gzip:     5.04 kB
dist/assets/mojo-BgCJLMeH.js                                          69.79 kB │ gzip:     9.21 kB
dist/assets/python-CzFU0dpx.js                                        69.93 kB │ gzip:     9.09 kB
dist/assets/c-SSSlmE39.js                                             72.10 kB │ gzip:    10.49 kB
dist/assets/latex-CQKG1i9K.js                                         72.62 kB │ gzip:     6.69 kB
dist/assets/vyper-CgoNMtux.js                                         74.64 kB │ gzip:    10.69 kB
dist/assets/hack-Dt45XGoV.js                                          80.18 kB │ gzip:    26.27 kB
dist/assets/swift-DonLKvLd.js                                         86.68 kB │ gzip:    14.69 kB
dist/assets/fortran-free-form-uHOymLAb.js                             88.95 kB │ gzip:    11.18 kB
dist/assets/csharp-b7x6yWkQ.js                                        89.67 kB │ gzip:    10.64 kB
dist/assets/racket-DcIDlBhZ.js                                        92.38 kB │ gzip:    15.07 kB
dist/assets/less-B64L-FWb.js                                          97.62 kB │ gzip:    14.84 kB
dist/assets/blade-Bb6w_mQF.js                                        104.98 kB │ gzip:    28.30 kB
dist/assets/objective-c-D1A_Heim.js                                  105.40 kB │ gzip:    23.63 kB
dist/assets/php-CytkSxV8.js                                          111.30 kB │ gzip:    28.66 kB
dist/assets/asciidoc-DE70LPWp.js                                     131.52 kB │ gzip:     9.31 kB
dist/assets/mdx-DQZ5AkYe.js                                          136.10 kB │ gzip:    23.54 kB
dist/assets/objective-cpp-BsSzOQcm.js                                171.96 kB │ gzip:    30.98 kB
dist/assets/javascript-BzbQS41l.js                                   174.81 kB │ gzip:    16.62 kB
dist/assets/tsx-BOvsFOI6.js                                          175.52 kB │ gzip:    16.61 kB
dist/assets/jsx-D3KKoC5L.js                                          177.77 kB │ gzip:    16.70 kB
dist/assets/typescript-j_1H8WHN.js                                   181.06 kB │ gzip:    16.23 kB
dist/assets/app-DrDL_8Sa.js                                          183.68 kB │ gzip:    57.93 kB
dist/assets/angular-ts-B1PKGDnJ.js                                   183.72 kB │ gzip:    16.77 kB
dist/assets/vue-vine-DPTR_ZYD.js                                     190.07 kB │ gzip:    18.07 kB
dist/assets/wolfram-DLL8P-h_.js                                      262.38 kB │ gzip:    77.63 kB
dist/assets/xlsx-DGkz7cnk.js                                         424.76 kB │ gzip:   141.51 kB
dist/assets/artifact-text-editor-CrvRwMjy.js                         492.98 kB │ gzip:   171.19 kB
dist/assets/wasm-BnjxR4X6.js                                         622.32 kB │ gzip:   232.09 kB
dist/assets/cpp-D9Km65fR.js                                          626.05 kB │ gzip:    48.06 kB
dist/assets/emacs-lisp-B4R74twV.js                                   779.87 kB │ gzip:   197.55 kB
dist/assets/app-D8mtlBdd.js                                        3,971.63 kB │ gzip: 1,085.55 kB

[plugin builtin:vite-reporter] 
(!) Some chunks are larger than 500 kB after minification. Consider:
- Using dynamic import() to code-split the application
- Use build.rolldownOptions.output.codeSplitting to improve chunking: https://rolldown.rs/reference/OutputOptions.codeSplitting
- Adjust chunk size limit for this warning via build.chunkSizeWarningLimit.
✓ built in 27.45s
Electron desktop bridge covers 50 renderer methods.
{
  "ok": true,
  "renderer": "apps/app/dist",
  "electronMain": "apps/desktop/electron/main.mjs",
  "electronPreload": "apps/desktop/electron/preload.mjs"
}
