$ cd 'apps/zcloud' && npm run build

> @zeaz/zcloud@1.0.0 build
> NODE_ENV=production next build

⚠ Warning: Next.js inferred your workspace root, but it may not be correct.
 We detected multiple lockfiles and selected the directory of /home/zeazdev/pnpm-lock.yaml as the root directory.
 To silence this warning, set `turbopack.root` in your Next.js config, or consider removing one of the lockfiles if it's not needed.
   See https://nextjs.org/docs/app/api-reference/config/next-config-js/turbopack#root-directory for more information.
 Detected additional lockfiles: 
   * /home/zeazdev/zeaz-platform/pnpm-workspace.yaml

▲ Next.js 16.2.9 (Turbopack)

  Creating an optimized production build ...
✓ Compiled successfully in 10.9s
  Running TypeScript ...
  Finished TypeScript in 13.1s ...
  Collecting page data using 6 workers ...
  Generating static pages using 6 workers (0/5) ...
  Generating static pages using 6 workers (1/5) 
  Generating static pages using 6 workers (2/5) 
  Generating static pages using 6 workers (3/5) 
✓ Generating static pages using 6 workers (5/5) in 1741ms
  Finalizing page optimization ...

Route (app)
┌ ○ /
├ ○ /_not-found
├ ƒ /api/chat
└ ƒ /api/logs


○  (Static)   prerendered as static content
ƒ  (Dynamic)  server-rendered on demand

