$ cd 'apps/zlms' && pnpm run build
[WARN] The "pnpm" field in package.json is no longer read by pnpm. The following keys were ignored: "pnpm.onlyBuiltDependencies". See https://pnpm.io/settings for the new home of each setting.
[WARN] The "pnpm" field in package.json is no longer read by pnpm. The following keys were ignored: "pnpm.onlyBuiltDependencies". See https://pnpm.io/settings for the new home of each setting.
../web                                   | [WARN] The field "resolutions" was found in /home/zeazdev/zeaz-platform/apps/web/package.json. This will not take effect. Configure dependency overrides in pnpm-workspace.yaml using the "overrides" field instead.
../ztrader/frontend                      | [WARN] The field "resolutions" was found in /home/zeazdev/zeaz-platform/apps/ztrader/frontend/package.json. This will not take effect. Configure dependency overrides in pnpm-workspace.yaml using the "overrides" field instead.
../zwallet                               | [WARN] The field "resolutions" was found in /home/zeazdev/zeaz-platform/apps/zwallet/package.json. This will not take effect. Configure dependency overrides in pnpm-workspace.yaml using the "overrides" field instead.
Scope: all 12 workspace projects
../zdash/frontend                        | [WARN] Moving @testing-library/jest-dom that was installed by a different package manager to "node_modules/.ignored"
../zdash/frontend                        | [WARN] Moving @testing-library/dom that was installed by a different package manager to "node_modules/.ignored"
../zdash/frontend                        | [WARN] Moving @testing-library/react that was installed by a different package manager to "node_modules/.ignored"
../zdash/frontend                        | [WARN] Moving @testing-library/user-event that was installed by a different package manager to "node_modules/.ignored"
../zdash/frontend                        | [WARN] Moving @types/react that was installed by a different package manager to "node_modules/.ignored"
../zdash/frontend                        | [WARN] Moving @types/react-dom that was installed by a different package manager to "node_modules/.ignored"
../zdash/frontend                        | [WARN] Moving @vitejs/plugin-react that was installed by a different package manager to "node_modules/.ignored"
../zdash/frontend                        | [WARN] Moving jsdom that was installed by a different package manager to "node_modules/.ignored"
../zdash/frontend                        | [WARN] Moving autoprefixer that was installed by a different package manager to "node_modules/.ignored"
../zdash/frontend                        | [WARN] Moving postcss that was installed by a different package manager to "node_modules/.ignored"
../zdash/frontend                        | [WARN] Moving tailwindcss that was installed by a different package manager to "node_modules/.ignored"
../zdash/frontend                        | [WARN] Moving typescript that was installed by a different package manager to "node_modules/.ignored"
../zdash/frontend                        | [WARN] Moving vite that was installed by a different package manager to "node_modules/.ignored"
../zdash/frontend                        | [WARN] Moving vitest that was installed by a different package manager to "node_modules/.ignored"
../zdash/frontend                        | [WARN] Moving i18next that was installed by a different package manager to "node_modules/.ignored"
../zdash/frontend                        | [WARN] Moving lucide-react that was installed by a different package manager to "node_modules/.ignored"
../zdash/frontend                        | [WARN] Moving react that was installed by a different package manager to "node_modules/.ignored"
../zdash/frontend                        | [WARN] Moving react-dom that was installed by a different package manager to "node_modules/.ignored"
../zdash/frontend                        | [WARN] Moving react-i18next that was installed by a different package manager to "node_modules/.ignored"
../zdash/frontend                        | [WARN] Moving react-router-dom that was installed by a different package manager to "node_modules/.ignored"
../zdash/frontend                        | [WARN] Moving recharts that was installed by a different package manager to "node_modules/.ignored"
../zsp-aitool                            | [WARN] Moving @testing-library/dom that was installed by a different package manager to "node_modules/.ignored"
../zsp-aitool                            | [WARN] Moving @testing-library/jest-dom that was installed by a different package manager to "node_modules/.ignored"
../zsp-aitool                            | [WARN] Moving @testing-library/react that was installed by a different package manager to "node_modules/.ignored"
../zsp-aitool                            | [WARN] Moving @types/node that was installed by a different package manager to "node_modules/.ignored"
../zsp-aitool                            | [WARN] Moving @types/react that was installed by a different package manager to "node_modules/.ignored"
../zsp-aitool                            | [WARN] Moving @types/react-dom that was installed by a different package manager to "node_modules/.ignored"
../zsp-aitool                            | [WARN] Moving autoprefixer that was installed by a different package manager to "node_modules/.ignored"
../zsp-aitool                            | [WARN] Moving eslint that was installed by a different package manager to "node_modules/.ignored"
../zsp-aitool                            | [WARN] Moving eslint-config-next that was installed by a different package manager to "node_modules/.ignored"
../zsp-aitool                            | [WARN] Moving jsdom that was installed by a different package manager to "node_modules/.ignored"
../zsp-aitool                            | [WARN] Moving postcss that was installed by a different package manager to "node_modules/.ignored"
../zsp-aitool                            | [WARN] Moving prisma that was installed by a different package manager to "node_modules/.ignored"
../zsp-aitool                            | [WARN] Moving tailwindcss that was installed by a different package manager to "node_modules/.ignored"
../zsp-aitool                            | [WARN] Moving ts-node that was installed by a different package manager to "node_modules/.ignored"
../zsp-aitool                            | [WARN] Moving tsx that was installed by a different package manager to "node_modules/.ignored"
../zsp-aitool                            | [WARN] Moving typescript that was installed by a different package manager to "node_modules/.ignored"
../zsp-aitool                            | [WARN] Moving vitest that was installed by a different package manager to "node_modules/.ignored"
../zsp-aitool                            | [WARN] Moving @next/env that was installed by a different package manager to "node_modules/.ignored"
../zsp-aitool                            | [WARN] Moving @prisma/client that was installed by a different package manager to "node_modules/.ignored"
../zsp-aitool                            | [WARN] Moving next that was installed by a different package manager to "node_modules/.ignored"
../zsp-aitool                            | [WARN] Moving react that was installed by a different package manager to "node_modules/.ignored"
../zsp-aitool                            | [WARN] Moving react-dom that was installed by a different package manager to "node_modules/.ignored"
../zsp-aitool                            | [WARN] Moving zod that was installed by a different package manager to "node_modules/.ignored"
../..                                    | Progress: resolved 1, reused 0, downloaded 0, added 0
../..                                    | Progress: resolved 2, reused 0, downloaded 0, added 0
../..                                    | Progress: resolved 16, reused 9, downloaded 0, added 0
../..                                    | Progress: resolved 29, reused 23, downloaded 1, added 0
../zdash/frontend                        | [WARN] deprecated recharts@2.15.4
../..                                    | Progress: resolved 36, reused 30, downloaded 1, added 0
../zsp-aitool                            | [WARN] deprecated eslint@8.57.1
../..                                    | Progress: resolved 59, reused 52, downloaded 1, added 0
../..                                    | Progress: resolved 59, reused 58, downloaded 1, added 0
../..                                    | Progress: resolved 65, reused 64, downloaded 1, added 0
../..                                    | Progress: resolved 67, reused 65, downloaded 1, added 0
../..                                    | Progress: resolved 68, reused 66, downloaded 1, added 0
[WARN] Request took 13957ms: https://registry.npmjs.org/@tailwindcss%2Fpostcss
../..                                    | Progress: resolved 69, reused 68, downloaded 1, added 0
../..                                    | Progress: resolved 70, reused 69, downloaded 1, added 0
[WARN] Request took 18692ms: https://registry.npmjs.org/turbo
../..                                    | Progress: resolved 71, reused 69, downloaded 1, added 0
../..                                    | Progress: resolved 72, reused 70, downloaded 1, added 0
[WARN] Request took 13448ms: https://registry.npmjs.org/@next%2Fenv
../..                                    | Progress: resolved 73, reused 71, downloaded 1, added 0
../..                                    | Progress: resolved 73, reused 72, downloaded 1, added 0
../..                                    | Progress: resolved 74, reused 72, downloaded 1, added 0
../..                                    | Progress: resolved 75, reused 72, downloaded 1, added 0
../..                                    | Progress: resolved 108, reused 97, downloaded 1, added 0
../..                                    | Progress: resolved 163, reused 142, downloaded 1, added 0
../..                                    | Progress: resolved 165, reused 152, downloaded 1, added 0
../..                                    | Progress: resolved 268, reused 252, downloaded 1, added 0
../..                                    | Progress: resolved 283, reused 269, downloaded 1, added 0
../..                                    | Progress: resolved 312, reused 292, downloaded 1, added 0
../..                                    | Progress: resolved 333, reused 310, downloaded 1, added 0
../..                                    | Progress: resolved 345, reused 321, downloaded 1, added 0
../..                                    | Progress: resolved 366, reused 333, downloaded 1, added 0
../..                                    | Progress: resolved 427, reused 373, downloaded 1, added 0
../..                                    | Progress: resolved 455, reused 401, downloaded 1, added 0
../..                                    | Progress: resolved 507, reused 452, downloaded 1, added 0
../..                                    | Progress: resolved 523, reused 466, downloaded 1, added 0
../..                                    | Progress: resolved 617, reused 512, downloaded 1, added 0
../..                                    | Progress: resolved 630, reused 525, downloaded 1, added 0
../..                                    | Progress: resolved 649, reused 545, downloaded 1, added 0
../..                                    | Progress: resolved 664, reused 560, downloaded 1, added 0
../..                                    | Progress: resolved 707, reused 582, downloaded 1, added 0
../..                                    | Progress: resolved 769, reused 644, downloaded 1, added 0
../..                                    | Progress: resolved 805, reused 680, downloaded 1, added 0
../..                                    | Progress: resolved 834, reused 709, downloaded 1, added 0
../..                                    | Progress: resolved 874, reused 749, downloaded 1, added 0
../..                                    | Progress: resolved 875, reused 749, downloaded 1, added 0
../..                                    | Progress: resolved 877, reused 752, downloaded 1, added 0
../..                                    | Progress: resolved 887, reused 762, downloaded 1, added 0
../..                                    | Progress: resolved 896, reused 766, downloaded 1, added 0
[WARN] 6 deprecated subdependencies found: @humanwhocodes/config-array@0.13.0, @humanwhocodes/object-schema@2.0.3, glob@7.2.3, inflight@1.0.6, rimraf@3.0.2, whatwg-encoding@3.1.1
../..                                    |  +10   -4 +-
../..                                    | Progress: resolved 896, reused 766, downloaded 1, added 1
../..                                    | Progress: resolved 896, reused 766, downloaded 1, added 8, done
[WARN] Issues with peer dependencies found. Run "pnpm peers check" to list them.

Done in 1m 13.5s using pnpm v11.5.2
$ exit 0
