$ cd 'apps/zsp-aitool' && npm run build

> zeaz-platform@0.1.0 build
> NODE_ENV=production next build

 ⚠ Warning: Next.js inferred your workspace root, but it may not be correct.
 We detected multiple lockfiles and selected the directory of /home/zeazdev/pnpm-lock.yaml as the root directory.
 To silence this warning, set `outputFileTracingRoot` in your Next.js config, or consider removing one of the lockfiles if it's not needed.
   See https://nextjs.org/docs/app/api-reference/config/next-config-js/output#caveats for more information.
 Detected additional lockfiles: 
   * /home/zeazdev/zeaz-platform/apps/zsp-aitool/package-lock.json
   * /home/zeazdev/zeaz-platform/pnpm-lock.yaml

   ▲ Next.js 15.5.18
   - Environments: .env

   Creating an optimized production build ...
 ✓ Compiled successfully in 69s
   Linting and checking validity of types ...
Failed to compile.

Type error: Type 'typeof import("/home/zeazdev/zeaz-platform/apps/zsp-aitool/src/app/dashboard/layout")' does not satisfy the constraint 'LayoutConfig<"/dashboard">'.
  Types of property 'default' are incompatible.
    Type '({ children }: { children: ReactNode; }) => Element' is not assignable to type 'ComponentType<LayoutProps<"/dashboard">> | ((props: LayoutProps<"/dashboard">) => void | ReactNode | Promise<void> | Promise<...>)'.
      Type '({ children }: { children: ReactNode; }) => Element' is not assignable to type 'FunctionComponent<LayoutProps<"/dashboard">>'.
        Types of parameters '__0' and 'props' are incompatible.
          Type 'LayoutProps<"/dashboard">' is not assignable to type '{ children: ReactNode; }'.
            Types of property 'children' are incompatible.
              Type 'React.ReactNode' is not assignable to type 'import("/home/zeazdev/zeaz-platform/node_modules/.pnpm/@types+react@18.3.18/node_modules/@types/react/index").ReactNode'.
                Type 'bigint' is not assignable to type 'ReactNode'.

Next.js build worker exited with code: 1 and signal: null
