$ cd 'apps/zveo' && pnpm run build

> zveo@ build /home/zeazdev/zeaz-platform/apps/zveo
> pnpm --filter @zveo/dashboard build


> @zveo/dashboard@1.0.0 build /home/zeazdev/zeaz-platform/apps/zveo/apps/dashboard
> next build

⚠ Warning: Next.js inferred your workspace root, but it may not be correct.
 We detected multiple lockfiles and selected the directory of /home/zeazdev/pnpm-lock.yaml as the root directory.
 To silence this warning, set `turbopack.root` in your Next.js config, or consider removing one of the lockfiles if it's not needed.
   See https://nextjs.org/docs/app/api-reference/config/next-config-js/turbopack#root-directory for more information.
 Detected additional lockfiles: 
   * /home/zeazdev/zeaz-platform/apps/zveo/pnpm-workspace.yaml
   * /home/zeazdev/zeaz-platform/pnpm-workspace.yaml


> Build error occurred
Error: EACCES: permission denied, unlink '/home/zeazdev/zeaz-platform/apps/zveo/apps/dashboard/.next/diagnostics/build-diagnostics.json'
    at ignore-listed frames {
  errno: -13,
  code: 'EACCES',
  syscall: 'unlink',
  path: '/home/zeazdev/zeaz-platform/apps/zveo/apps/dashboard/.next/diagnostics/build-diagnostics.json'
}
/home/zeazdev/zeaz-platform/apps/zveo/apps/dashboard:
 ERR_PNPM_RECURSIVE_RUN_FIRST_FAIL  @zveo/dashboard@1.0.0 build: `next build`
Exit status 1
 ELIFECYCLE  Command failed with exit code 1.
